2024-12-18 21:47:57 INFO  TC001_AccountRegistrationTest:15 - ***** Starting TC001_AccountRegistrationTest  ****
2024-12-18 21:47:57 INFO  TC001_AccountRegistrationTest:21 - Clicked on MyAccount Link.. 
2024-12-18 21:47:58 INFO  TC001_AccountRegistrationTest:24 - Clicked on Register Link.. 
2024-12-18 21:47:58 INFO  TC001_AccountRegistrationTest:28 - Providing customer details...
2024-12-18 21:47:59 INFO  TC001_AccountRegistrationTest:42 - Validating expected message..
2024-12-18 21:47:59 INFO  TC001_AccountRegistrationTest:47 - Test passed
2024-12-18 21:47:59 INFO  TC001_AccountRegistrationTest:56 - ***** Finished TC001_AccountRegistrationTest *****
2024-12-18 21:48:02 INFO  TC002_LoginTest:16 - ****** Startign TC_002_LoginTest *****
2024-12-18 21:51:28 INFO  TC001_AccountRegistrationTest:15 - ***** Starting TC001_AccountRegistrationTest  ****
2024-12-18 21:51:29 INFO  TC001_AccountRegistrationTest:21 - Clicked on MyAccount Link.. 
2024-12-18 21:51:30 INFO  TC001_AccountRegistrationTest:24 - Clicked on Register Link.. 
2024-12-18 21:51:30 INFO  TC001_AccountRegistrationTest:28 - Providing customer details...
2024-12-18 21:51:32 INFO  TC001_AccountRegistrationTest:42 - Validating expected message..
2024-12-18 21:51:32 INFO  TC001_AccountRegistrationTest:47 - Test passed
2024-12-18 21:51:32 INFO  TC001_AccountRegistrationTest:56 - ***** Finished TC001_AccountRegistrationTest *****
2024-12-18 21:51:35 INFO  TC002_LoginTest:16 - ****** Startign TC_002_LoginTest *****
2024-12-18 21:51:38 INFO  TC002_LoginTest:41 - ****** Finished TC_002_LoginTest *****
2024-12-18 21:54:12 INFO  TC001_AccountRegistrationTest:15 - ***** Starting TC001_AccountRegistrationTest  ****
2024-12-18 21:54:13 INFO  TC001_AccountRegistrationTest:21 - Clicked on MyAccount Link.. 
2024-12-18 21:54:13 INFO  TC001_AccountRegistrationTest:24 - Clicked on Register Link.. 
2024-12-18 21:54:13 INFO  TC001_AccountRegistrationTest:28 - Providing customer details...
2024-12-18 21:54:15 INFO  TC001_AccountRegistrationTest:42 - Validating expected message..
2024-12-18 21:54:15 INFO  TC001_AccountRegistrationTest:47 - Test passed
2024-12-18 21:54:15 INFO  TC001_AccountRegistrationTest:56 - ***** Finished TC001_AccountRegistrationTest *****
2024-12-18 21:54:18 INFO  TC002_LoginTest:16 - ****** Startign TC_002_LoginTest *****
2024-12-18 21:54:20 INFO  TC002_LoginTest:41 - ****** Finished TC_002_LoginTest *****
